<?xml version="1.0" encoding="UTF-8"?>
<!-- Generated by org.testng.reporters.JUnitReportReporter -->
<testsuite hostname="LAPTOP-C1AEMFQ7" failures="0" tests="1" name="testscript.LoginTest" time="30.582" errors="0" timestamp="2025-09-14T18:29:34 IST" skipped="0">
  <testcase classname="testscript.LoginTest" name="verifyLoginwithValidCredentials" time="30.582"/>
</testsuite> <!-- testscript.LoginTest -->
