<?xml version="1.0" encoding="UTF-8"?>
<!-- Generated by org.testng.reporters.JUnitReportReporter -->
<testsuite hostname="LAPTOP-C1AEMFQ7" failures="0" tests="1" name="seleniumbasics.TestEngineBase" time="0.008" errors="0" timestamp="2025-09-14T18:08:33 IST" skipped="0">
  <testcase classname="seleniumbasics.TestEngineBase" name="testCase" time="0.008"/>
</testsuite> <!-- seleniumbasics.TestEngineBase -->
